Using pre-set license
Built from '2020.3/release' branch; Version is '2020.3.12f1 (b3b2c6512326) revision 11776710'; Using compiler version '192528614'; Build Type 'Release'
OS: 'Windows 10 Home; OS build 19045.3803; Version 2009; 64bit' Language: 'en' Physical Memory: 8122 MB
BatchMode: 1, IsHumanControllingUs: 0, StartBugReporterOnCrash: 0, Is64bit: 1, IsPro: 0

 COMMAND LINE ARGUMENTS:
C:\Program Files\Unity\Hub\Editor\2020.3.12f1\Editor\Unity.exe
-adb2
-batchMode
-noUpm
-name
AssetImportWorker0
-projectPath
C:/Users/cnalg/Documents/GitHub/JP-SketchHead/JPSketchHead
-logFile
Logs/AssetImportWorker0.log
-srvPort
58278
Successfully changed project path to: C:/Users/cnalg/Documents/GitHub/JP-SketchHead/JPSketchHead
C:/Users/cnalg/Documents/GitHub/JP-SketchHead/JPSketchHead
Using Asset Import Pipeline V2.
Refreshing native plugins compatible for Editor in 40.60 ms, found 3 plugins.
Preloading 0 native plugins for Editor in 0.00 ms.
Initialize engine version: 2020.3.12f1 (b3b2c6512326)
[Subsystems] Discovering subsystems at path C:/Program Files/Unity/Hub/Editor/2020.3.12f1/Editor/Data/Resources/UnitySubsystems
[Subsystems] Discovering subsystems at path C:/Users/cnalg/Documents/GitHub/JP-SketchHead/JPSketchHead/Assets
GfxDevice: creating device client; threaded=0
Direct3D:
    Version:  Direct3D 11.0 [level 11.1]
    Renderer: NVIDIA GeForce GT 1030 (ID=0x1d01)
    Vendor:   
    VRAM:     1981 MB
    Driver:   31.0.15.3623
Initialize mono
Mono path[0] = 'C:/Program Files/Unity/Hub/Editor/2020.3.12f1/Editor/Data/Managed'
Mono path[1] = 'C:/Program Files/Unity/Hub/Editor/2020.3.12f1/Editor/Data/MonoBleedingEdge/lib/mono/unityjit'
Mono config path = 'C:/Program Files/Unity/Hub/Editor/2020.3.12f1/Editor/Data/MonoBleedingEdge/etc'
Using monoOptions --debugger-agent=transport=dt_socket,embedding=1,server=y,suspend=n,address=127.0.0.1:56300
Begin MonoManager ReloadAssembly
Registering precompiled unity dll's ...
Register platform support module: C:/Program Files/Unity/Hub/Editor/2020.3.12f1/Editor/Data/PlaybackEngines/WindowsStandaloneSupport/UnityEditor.WindowsStandalone.Extensions.dll
Registered in 0.002321 seconds.
Native extension for WindowsStandalone target not found
Refreshing native plugins compatible for Editor in 36.95 ms, found 3 plugins.
Preloading 0 native plugins for Editor in 0.00 ms.
Mono: successfully reloaded assembly
- Completed reload, in  2.563 seconds
Platform modules already initialized, skipping
Registering precompiled user dll's ...
Registered in 0.006577 seconds.
Begin MonoManager ReloadAssembly
Native extension for WindowsStandalone target not found
Refreshing native plugins compatible for Editor in 35.96 ms, found 3 plugins.
Preloading 0 native plugins for Editor in 0.00 ms.
Mono: successfully reloaded assembly
- Completed reload, in  1.063 seconds
Platform modules already initialized, skipping
========================================================================
Worker process is ready to serve import requests
Launched and connected shader compiler UnityShaderCompiler.exe after 0.05 seconds
Refreshing native plugins compatible for Editor in 0.45 ms, found 3 plugins.
Preloading 0 native plugins for Editor in 0.00 ms.
Unloading 2085 Unused Serialized files (Serialized files now loaded: 0)
System memory in use before: 92.9 MB.
System memory in use after: 92.8 MB.

Unloading 33 unused Assets to reduce memory usage. Loaded Objects now: 2518.
Total: 2.822800 ms (FindLiveObjects: 0.430500 ms CreateObjectMapping: 0.150200 ms MarkObjects: 2.076300 ms  DeleteObjects: 0.163900 ms)

AssetImportParameters requested are different than current active one (requested -> active):
  custom:framework-win-MediaFoundation: 216162199b28c13a410421893ffa2e32 -> 
  custom:video-decoder-ogg-theora: a1e56fd34408186e4bbccfd4996cb3dc -> 
  custom:container-muxer-webm: aa71ff27fc2769a1b78a27578f13a17b -> 
  custom:container-demuxer-webm: 4f35f7cbe854078d1ac9338744f61a02 -> 
  custom:container-demuxer-ogg: 62fdf1f143b41e24485cea50d1cbac27 -> 
  custom:video-encoder-webm-vp8: eb34c28f22e8b96e1ab97ce403110664 -> 
  custom:video-decoder-webm-vp8: 9c59270c3fd7afecdb556c50c9e8de78 -> 
  custom:audio-decoder-ogg-vorbis: bf7c407c2cedff20999df2af8eb42d56 -> 
  custom:audio-encoder-webm-vorbis: bf7c407c2cedff20999df2af8eb42d56 -> 
========================================================================
Received Import Request.
  path: Assets/Background/Crumbled Paper.png
  artifactKey: Guid(6b84580bfd34ac347a682b906eb512af) Importer(815301076,1909f56bfc062723c751e8b465ee728b)
Start importing Assets/Background/Crumbled Paper.png using Guid(6b84580bfd34ac347a682b906eb512af) Importer(815301076,1909f56bfc062723c751e8b465ee728b)  -> (artifact id: 'a38edc2f2b556688684d48a5561a0bcf') in 0.146488 seconds 
  Import took 0.150710 seconds .

========================================================================
Received Import Request.
  Time since last request: 135.505562 seconds.
  path: Assets/Scenes/SketchHead.unity
  artifactKey: Guid(62b23e04ae3f9446c8a574786ea66a17) Importer(815301076,1909f56bfc062723c751e8b465ee728b)
Start importing Assets/Scenes/SketchHead.unity using Guid(62b23e04ae3f9446c8a574786ea66a17) Importer(815301076,1909f56bfc062723c751e8b465ee728b)  -> (artifact id: '6236a6228754fc4d2ff35f73280b90fe') in 0.019992 seconds 
  Import took 0.061986 seconds .

========================================================================
Received Import Request.
  Time since last request: 1044.573978 seconds.
  path: Assets/Physics/Bouncy.physicsMaterial2D
  artifactKey: Guid(f9399685e349ad043ae0302efc4a6529) Importer(815301076,1909f56bfc062723c751e8b465ee728b)
Start importing Assets/Physics/Bouncy.physicsMaterial2D using Guid(f9399685e349ad043ae0302efc4a6529) Importer(815301076,1909f56bfc062723c751e8b465ee728b)  -> (artifact id: 'd185683e9be16f804f993617d33e1570') in 0.124613 seconds 
  Import took 0.197554 seconds .

========================================================================
Received Import Request.
  Time since last request: 0.647281 seconds.
  path: Assets/Prefabs/GameOverCanvas.prefab
  artifactKey: Guid(f4d7ca8a97b60eb46a78919c26938c2a) Importer(815301076,1909f56bfc062723c751e8b465ee728b)
Start importing Assets/Prefabs/GameOverCanvas.prefab using Guid(f4d7ca8a97b60eb46a78919c26938c2a) Importer(815301076,1909f56bfc062723c751e8b465ee728b)  -> (artifact id: 'a2eed5af568a3664dc392edbe5991db0') in 0.643365 seconds 
  Import took 0.652650 seconds .

========================================================================
Received Import Request.
  Time since last request: 0.000254 seconds.
  path: Assets/Prefabs/Platform1.prefab
  artifactKey: Guid(e99acbdfbdc070a4da646a4fdc60d9dd) Importer(815301076,1909f56bfc062723c751e8b465ee728b)
Start importing Assets/Prefabs/Platform1.prefab using Guid(e99acbdfbdc070a4da646a4fdc60d9dd) Importer(815301076,1909f56bfc062723c751e8b465ee728b)  -> (artifact id: '5ca1139c5bf1c222d79276da3df22e46') in 0.408076 seconds 
  Import took 0.414317 seconds .

========================================================================
Received Import Request.
  Time since last request: 0.000175 seconds.
  path: Assets/Prefabs/ScoreCanvas.prefab
  artifactKey: Guid(a8311f69f1c587f49a3ea49ce747437c) Importer(815301076,1909f56bfc062723c751e8b465ee728b)
Start importing Assets/Prefabs/ScoreCanvas.prefab using Guid(a8311f69f1c587f49a3ea49ce747437c) Importer(815301076,1909f56bfc062723c751e8b465ee728b)  -> (artifact id: '60086a39a2d55aaa423400eefc1aff71') in 0.013390 seconds 
  Import took 0.018476 seconds .

========================================================================
Received Import Request.
  Time since last request: 2.741005 seconds.
  path: Assets/Font/Lefthandkids_demo.ttf
  artifactKey: Guid(96fd30e82e8e1db40b68781c3d59fbb2) Importer(815301076,1909f56bfc062723c751e8b465ee728b)
Start importing Assets/Font/Lefthandkids_demo.ttf using Guid(96fd30e82e8e1db40b68781c3d59fbb2) Importer(815301076,1909f56bfc062723c751e8b465ee728b)  -> (artifact id: '963e7cb96d3a6efe78d4f6cf45637407') in 0.224043 seconds 
  Import took 0.229045 seconds .

========================================================================
Received Import Request.
  Time since last request: 6.097717 seconds.
  path: Assets/Sprite/DoodleHead.png
  artifactKey: Guid(32e807b7466b16142bddb45a24bf35bf) Importer(815301076,1909f56bfc062723c751e8b465ee728b)
Start importing Assets/Sprite/DoodleHead.png using Guid(32e807b7466b16142bddb45a24bf35bf) Importer(815301076,1909f56bfc062723c751e8b465ee728b)  -> (artifact id: 'f539334d2336c3eba1a1b56f61af6876') in 0.050101 seconds 
  Import took 0.055639 seconds .

========================================================================
Received Import Request.
  Time since last request: 0.000161 seconds.
  path: Assets/Sprite/Platform.png
  artifactKey: Guid(a52f196043c0d7e4e9d649f705efffc5) Importer(815301076,1909f56bfc062723c751e8b465ee728b)
Start importing Assets/Sprite/Platform.png using Guid(a52f196043c0d7e4e9d649f705efffc5) Importer(815301076,1909f56bfc062723c751e8b465ee728b)  -> (artifact id: '90d97df73b465a0e7995a8cd049e3fbe') in 0.022667 seconds 
  Import took 0.027627 seconds .

========================================================================
Received Prepare
Registering precompiled user dll's ...
Registered in 0.013731 seconds.
Begin MonoManager ReloadAssembly
Native extension for WindowsStandalone target not found
Refreshing native plugins compatible for Editor in 0.54 ms, found 3 plugins.
Preloading 0 native plugins for Editor in 0.00 ms.
Mono: successfully reloaded assembly
- Completed reload, in  1.206 seconds
Platform modules already initialized, skipping
Refreshing native plugins compatible for Editor in 0.46 ms, found 3 plugins.
Preloading 0 native plugins for Editor in 0.00 ms.
Unloading 2080 Unused Serialized files (Serialized files now loaded: 0)
System memory in use before: 96.2 MB.
System memory in use after: 96.2 MB.

Unloading 22 unused Assets to reduce memory usage. Loaded Objects now: 2573.
Total: 6.547900 ms (FindLiveObjects: 0.185600 ms CreateObjectMapping: 0.063300 ms MarkObjects: 4.204800 ms  DeleteObjects: 2.093000 ms)

AssetImportParameters requested are different than current active one (requested -> active):
  custom:framework-win-MediaFoundation: 216162199b28c13a410421893ffa2e32 -> 
  custom:video-decoder-ogg-theora: a1e56fd34408186e4bbccfd4996cb3dc -> 
  custom:container-muxer-webm: aa71ff27fc2769a1b78a27578f13a17b -> 
  custom:container-demuxer-webm: 4f35f7cbe854078d1ac9338744f61a02 -> 
  custom:container-demuxer-ogg: 62fdf1f143b41e24485cea50d1cbac27 -> 
  custom:video-encoder-webm-vp8: eb34c28f22e8b96e1ab97ce403110664 -> 
  custom:video-decoder-webm-vp8: 9c59270c3fd7afecdb556c50c9e8de78 -> 
  custom:audio-decoder-ogg-vorbis: bf7c407c2cedff20999df2af8eb42d56 -> 
  custom:audio-encoder-webm-vorbis: bf7c407c2cedff20999df2af8eb42d56 -> 
========================================================================
Received Prepare
Registering precompiled user dll's ...
Registered in 0.014784 seconds.
Begin MonoManager ReloadAssembly
Native extension for WindowsStandalone target not found
Refreshing native plugins compatible for Editor in 0.56 ms, found 3 plugins.
Preloading 0 native plugins for Editor in 0.00 ms.
Mono: successfully reloaded assembly
- Completed reload, in  1.073 seconds
Platform modules already initialized, skipping
Refreshing native plugins compatible for Editor in 0.49 ms, found 3 plugins.
Preloading 0 native plugins for Editor in 0.00 ms.
Unloading 2080 Unused Serialized files (Serialized files now loaded: 0)
System memory in use before: 96.2 MB.
System memory in use after: 96.2 MB.

Unloading 21 unused Assets to reduce memory usage. Loaded Objects now: 2577.
Total: 4.159200 ms (FindLiveObjects: 0.565600 ms CreateObjectMapping: 0.131000 ms MarkObjects: 2.441400 ms  DeleteObjects: 1.019600 ms)

AssetImportParameters requested are different than current active one (requested -> active):
  custom:framework-win-MediaFoundation: 216162199b28c13a410421893ffa2e32 -> 
  custom:video-decoder-ogg-theora: a1e56fd34408186e4bbccfd4996cb3dc -> 
  custom:container-muxer-webm: aa71ff27fc2769a1b78a27578f13a17b -> 
  custom:container-demuxer-webm: 4f35f7cbe854078d1ac9338744f61a02 -> 
  custom:container-demuxer-ogg: 62fdf1f143b41e24485cea50d1cbac27 -> 
  custom:video-encoder-webm-vp8: eb34c28f22e8b96e1ab97ce403110664 -> 
  custom:video-decoder-webm-vp8: 9c59270c3fd7afecdb556c50c9e8de78 -> 
  custom:audio-decoder-ogg-vorbis: bf7c407c2cedff20999df2af8eb42d56 -> 
  custom:audio-encoder-webm-vorbis: bf7c407c2cedff20999df2af8eb42d56 -> 
AssetImportWorkerClient::OnTransportError - code=2 error=End of file
